<?xml version="1.0" encoding="UTF-8"?>
<!-- Generated by org.testng.reporters.JUnitReportReporter -->
<testsuite skipped="0" hostname="DESKTOP-TDKH9RM" name="com.letskodeit.qa.testcases.LoginPageTest" tests="1" failures="0" timestamp="27 Apr 2020 05:03:19 GMT" time="96.693" errors="0">
  <testcase name="clickonpopuplink" time="96.693" classname="com.letskodeit.qa.testcases.LoginPageTest"/>
</testsuite> <!-- com.letskodeit.qa.testcases.LoginPageTest -->
