<?xml version="1.0" encoding="UTF-8"?>
<!-- Generated by org.testng.reporters.JUnitReportReporter -->
<testsuite skipped="0" hostname="DESKTOP-TDKH9RM" name="com.letskodeit.qa.testcases.PracticePageTest" tests="1" failures="0" timestamp="27 Apr 2020 05:03:19 GMT" time="66.172" errors="0">
  <testcase name="LetsKodeitTest" time="66.172" classname="com.letskodeit.qa.testcases.PracticePageTest"/>
</testsuite> <!-- com.letskodeit.qa.testcases.PracticePageTest -->
