<?xml version="1.0" encoding="UTF-8"?>
<!-- Generated by org.testng.reporters.JUnitReportReporter -->
<testsuite skipped="0" hostname="DESKTOP-TDKH9RM" name="com.letskodeit.qa.testcases.SignUpPageTest" tests="1" failures="0" timestamp="01 May 2020 00:06:26 GMT" time="56.248" errors="0">
  <testcase name="clickonsignupbutton" time="56.248" classname="com.letskodeit.qa.testcases.SignUpPageTest"/>
</testsuite> <!-- com.letskodeit.qa.testcases.SignUpPageTest -->
