<?xml version="1.0" encoding="UTF-8"?>
<!-- Generated by org.testng.reporters.JUnitReportReporter -->
<testsuite skipped="0" hostname="DESKTOP-TDKH9RM" name="com.letskodeit.qa.testcases.LoginTest" tests="1" failures="0" timestamp="20 Apr 2020 17:51:47 GMT" time="29.326" errors="0">
  <testcase name="beforeMethod" time="29.326" classname="com.letskodeit.qa.testcases.LoginTest"/>
</testsuite> <!-- com.letskodeit.qa.testcases.LoginTest -->
